<?xml version="1.0" encoding="UTF-8"?>
<testng-results ignored="0" total="1" passed="1" failed="0" skipped="0">
  <reporter-output>
  </reporter-output>
  <suite started-at="2023-11-08T12:01:42Z" name="Suite" finished-at="2023-11-08T12:01:55Z" duration-ms="13128">
    <groups>
      <group name="cucumber">
        <method signature="AbstractTestNGCucumberTests.runScenario(io.cucumber.testng.PickleWrapper, io.cucumber.testng.FeatureWrapper)[pri:0, instance:runner.Runner@4c9f8c13]" name="runScenario" class="io.cucumber.testng.AbstractTestNGCucumberTests"/>
      </group> <!-- cucumber -->
    </groups>
    <test started-at="2023-11-08T12:01:42Z" name="Test" finished-at="2023-11-08T12:01:55Z" duration-ms="13128">
      <class name="runner.Runner">
        <test-method is-config="true" signature="setUpClass(org.testng.ITestContext)[pri:0, instance:runner.Runner@4c9f8c13]" started-at="2023-11-08T17:31:42Z" name="setUpClass" finished-at="2023-11-08T17:31:43Z" duration-ms="554" status="PASS">
          <params>
            <param index="0">
              <value>
                <![CDATA[org.testng.TestRunner@53dfacba]]>
              </value>
            </param>
          </params>
          <reporter-output>
          </reporter-output>
        </test-method> <!-- setUpClass -->
        <test-method signature="runScenario(io.cucumber.testng.PickleWrapper, io.cucumber.testng.FeatureWrapper)[pri:0, instance:runner.Runner@4c9f8c13]" started-at="2023-11-08T17:31:43Z" name="runScenario" description="Runs Cucumber Scenarios" data-provider="scenarios" finished-at="2023-11-08T17:31:55Z" duration-ms="12490" status="PASS">
          <params>
            <param index="0">
              <value>
                <![CDATA["Login with valid credentials"]]>
              </value>
            </param>
            <param index="1">
              <value>
                <![CDATA["Application Login"]]>
              </value>
            </param>
          </params>
          <reporter-output>
          </reporter-output>
        </test-method> <!-- runScenario -->
        <test-method is-config="true" signature="tearDownClass()[pri:0, instance:runner.Runner@4c9f8c13]" started-at="2023-11-08T17:31:55Z" name="tearDownClass" finished-at="2023-11-08T17:31:55Z" duration-ms="16" status="PASS">
          <reporter-output>
          </reporter-output>
        </test-method> <!-- tearDownClass -->
      </class> <!-- runner.Runner -->
    </test> <!-- Test -->
  </suite> <!-- Suite -->
</testng-results>
